<?xml version="1.0" encoding="UTF-8" ?>
<testsuites>
<testsuite name="Validate Backend functionality" errors="0" tests="8" failures="0" time="1.336" timestamp="2018-11-07T22:21:01">
  <testcase classname="Validate Backend functionality" name="should log out current logged in user" time="0.221"></testcase>
  <testcase classname="Validate Backend functionality" name="should login a user and return a cookie with a success msg" time="0.095"></testcase>
  <testcase classname="Validate Backend functionality" name="should register new user" time="0.045"></testcase>
  <testcase classname="Validate Backend functionality" name="should get logged in user headline" time="0.257"></testcase>
  <testcase classname="Validate Backend functionality" name="should update logged in user headline" time="0.132"></testcase>
  <testcase classname="Validate Backend functionality" name="should return at least 5 articles if test user is logged in user" time="0.191"></testcase>
  <testcase classname="Validate Backend functionality" name="should return articles of a specific author or specific post" time="0.001"></testcase>
  <testcase classname="Validate Backend functionality" name="adding an article for logged in user returns list of articles with new article" time="0.391"></testcase>
</testsuite>
</testsuites>